Determining if the system is big endian passed with the following output:
Change Dir: /srv2/rgirdhar/Software/vision/all_opencv/opencv-3.0.0/release/CMakeFiles/CMakeTmp

Run Build Command:/usr/bin/gmake "cmTryCompileExec2748690548/fast"
/usr/bin/gmake -f CMakeFiles/cmTryCompileExec2748690548.dir/build.make CMakeFiles/cmTryCompileExec2748690548.dir/build
gmake[1]: Entering directory `/srv2/rgirdhar/Software/vision/all_opencv/opencv-3.0.0/release/CMakeFiles/CMakeTmp'
/usr/bin/cmake -E cmake_progress_report /srv2/rgirdhar/Software/vision/all_opencv/opencv-3.0.0/release/CMakeFiles/CMakeTmp/CMakeFiles 1
Building C object CMakeFiles/cmTryCompileExec2748690548.dir/TestEndianess.c.o
/opt/centos/devtoolset-1.0/root/usr/bin/cc   -fsigned-char -W -Wall -Werror=return-type -Werror=non-virtual-dtor -Werror=address -Werror=sequence-point -Wformat -Werror=format-security -Wmissing-declarations -Wmissing-prototypes -Wstrict-prototypes -Wundef -Winit-self -Wpointer-arith -Wshadow -Wno-narrowing -fdiagnostics-show-option -Wno-long-long -pthread -fomit-frame-pointer -msse -msse2 -mno-avx -msse3 -mno-ssse3 -mno-sse4.1 -mno-sse4.2 -ffunction-sections -fvisibility=hidden  -O3 -DNDEBUG   -o CMakeFiles/cmTryCompileExec2748690548.dir/TestEndianess.c.o   -c /srv2/rgirdhar/Software/vision/all_opencv/opencv-3.0.0/release/CMakeFiles/CMakeTmp/TestEndianess.c
Linking C executable cmTryCompileExec2748690548
/usr/bin/cmake -E cmake_link_script CMakeFiles/cmTryCompileExec2748690548.dir/link.txt --verbose=1
/opt/centos/devtoolset-1.0/root/usr/bin/cc     -fsigned-char -W -Wall -Werror=return-type -Werror=non-virtual-dtor -Werror=address -Werror=sequence-point -Wformat -Werror=format-security -Wmissing-declarations -Wmissing-prototypes -Wstrict-prototypes -Wundef -Winit-self -Wpointer-arith -Wshadow -Wno-narrowing -fdiagnostics-show-option -Wno-long-long -pthread -fomit-frame-pointer -msse -msse2 -mno-avx -msse3 -mno-ssse3 -mno-sse4.1 -mno-sse4.2 -ffunction-sections -fvisibility=hidden  -O3 -DNDEBUG    CMakeFiles/cmTryCompileExec2748690548.dir/TestEndianess.c.o  -o cmTryCompileExec2748690548 -rdynamic 
gmake[1]: Leaving directory `/srv2/rgirdhar/Software/vision/all_opencv/opencv-3.0.0/release/CMakeFiles/CMakeTmp'

TestEndianess.c:
/* A 16 bit integer is required. */
typedef unsigned short cmakeint16;

/* On a little endian machine, these 16bit ints will give "THIS IS LITTLE ENDIAN."
   On a big endian machine the characters will be exchanged pairwise. */
const cmakeint16 info_little[] =  {0x4854, 0x5349, 0x4920, 0x2053, 0x494c, 0x5454, 0x454c, 0x4520, 0x444e, 0x4149, 0x2e4e, 0x0000};

/* on a big endian machine, these 16bit ints will give "THIS IS BIG ENDIAN."
   On a little endian machine the characters will be exchanged pairwise. */
const cmakeint16 info_big[] =     {0x5448, 0x4953, 0x2049, 0x5320, 0x4249, 0x4720, 0x454e, 0x4449, 0x414e, 0x2e2e, 0x0000};

#ifdef __CLASSIC_C__
int main(argc, argv) int argc; char *argv[];
#else
int main(int argc, char *argv[])
#endif
{
  int require = 0;
  require += info_little[argc];
  require += info_big[argc];
  (void)argv;
  return require;
}


Determining if the include file sys/videoio.h exists failed with the following output:
Change Dir: /srv2/rgirdhar/Software/vision/all_opencv/opencv-3.0.0/release/CMakeFiles/CMakeTmp

Run Build Command:/usr/bin/gmake "cmTryCompileExec3820807170/fast"
/usr/bin/gmake -f CMakeFiles/cmTryCompileExec3820807170.dir/build.make CMakeFiles/cmTryCompileExec3820807170.dir/build
gmake[1]: Entering directory `/srv2/rgirdhar/Software/vision/all_opencv/opencv-3.0.0/release/CMakeFiles/CMakeTmp'
/usr/bin/cmake -E cmake_progress_report /srv2/rgirdhar/Software/vision/all_opencv/opencv-3.0.0/release/CMakeFiles/CMakeTmp/CMakeFiles 1
Building C object CMakeFiles/cmTryCompileExec3820807170.dir/CheckIncludeFile.c.o
/opt/centos/devtoolset-1.0/root/usr/bin/cc   -fsigned-char -W -Wall -Werror=return-type -Werror=non-virtual-dtor -Werror=address -Werror=sequence-point -Wformat -Werror=format-security -Wmissing-declarations -Wmissing-prototypes -Wstrict-prototypes -Wundef -Winit-self -Wpointer-arith -Wshadow -Wno-narrowing -fdiagnostics-show-option -Wno-long-long -pthread -fomit-frame-pointer -msse -msse2 -mno-avx -msse3 -mno-ssse3 -mno-sse4.1 -mno-sse4.2 -ffunction-sections -fvisibility=hidden  -O3 -DNDEBUG   -o CMakeFiles/cmTryCompileExec3820807170.dir/CheckIncludeFile.c.o   -c /srv2/rgirdhar/Software/vision/all_opencv/opencv-3.0.0/release/CMakeFiles/CMakeTmp/CheckIncludeFile.c
/srv2/rgirdhar/Software/vision/all_opencv/opencv-3.0.0/release/CMakeFiles/CMakeTmp/CheckIncludeFile.c:1:25: fatal error: sys/videoio.h: No such file or directory
compilation terminated.
gmake[1]: *** [CMakeFiles/cmTryCompileExec3820807170.dir/CheckIncludeFile.c.o] Error 1
gmake[1]: Leaving directory `/srv2/rgirdhar/Software/vision/all_opencv/opencv-3.0.0/release/CMakeFiles/CMakeTmp'
gmake: *** [cmTryCompileExec3820807170/fast] Error 2


Determining if the include file libavformat/avformat.h exists failed with the following output:
Change Dir: /srv2/rgirdhar/Software/vision/all_opencv/opencv-3.0.0/release/CMakeFiles/CMakeTmp

Run Build Command:/usr/bin/gmake "cmTryCompileExec2847333857/fast"
/usr/bin/gmake -f CMakeFiles/cmTryCompileExec2847333857.dir/build.make CMakeFiles/cmTryCompileExec2847333857.dir/build
gmake[1]: Entering directory `/srv2/rgirdhar/Software/vision/all_opencv/opencv-3.0.0/release/CMakeFiles/CMakeTmp'
/usr/bin/cmake -E cmake_progress_report /srv2/rgirdhar/Software/vision/all_opencv/opencv-3.0.0/release/CMakeFiles/CMakeTmp/CMakeFiles 1
Building C object CMakeFiles/cmTryCompileExec2847333857.dir/CheckIncludeFile.c.o
/opt/centos/devtoolset-1.0/root/usr/bin/cc   -fsigned-char -W -Wall -Werror=return-type -Werror=non-virtual-dtor -Werror=address -Werror=sequence-point -Wformat -Werror=format-security -Wmissing-declarations -Wmissing-prototypes -Wstrict-prototypes -Wundef -Winit-self -Wpointer-arith -Wshadow -Wno-narrowing -fdiagnostics-show-option -Wno-long-long -pthread -fomit-frame-pointer -msse -msse2 -mno-avx -msse3 -mno-ssse3 -mno-sse4.1 -mno-sse4.2 -ffunction-sections -fvisibility=hidden  -O3 -DNDEBUG   -o CMakeFiles/cmTryCompileExec2847333857.dir/CheckIncludeFile.c.o   -c /srv2/rgirdhar/Software/vision/all_opencv/opencv-3.0.0/release/CMakeFiles/CMakeTmp/CheckIncludeFile.c
/srv2/rgirdhar/Software/vision/all_opencv/opencv-3.0.0/release/CMakeFiles/CMakeTmp/CheckIncludeFile.c:1:34: fatal error: libavformat/avformat.h: No such file or directory
compilation terminated.
gmake[1]: *** [CMakeFiles/cmTryCompileExec2847333857.dir/CheckIncludeFile.c.o] Error 1
gmake[1]: Leaving directory `/srv2/rgirdhar/Software/vision/all_opencv/opencv-3.0.0/release/CMakeFiles/CMakeTmp'
gmake: *** [cmTryCompileExec2847333857/fast] Error 2


Determining if the include file ffmpeg/avformat.h exists failed with the following output:
Change Dir: /srv2/rgirdhar/Software/vision/all_opencv/opencv-3.0.0/release/CMakeFiles/CMakeTmp

Run Build Command:/usr/bin/gmake "cmTryCompileExec2709019882/fast"
/usr/bin/gmake -f CMakeFiles/cmTryCompileExec2709019882.dir/build.make CMakeFiles/cmTryCompileExec2709019882.dir/build
gmake[1]: Entering directory `/srv2/rgirdhar/Software/vision/all_opencv/opencv-3.0.0/release/CMakeFiles/CMakeTmp'
/usr/bin/cmake -E cmake_progress_report /srv2/rgirdhar/Software/vision/all_opencv/opencv-3.0.0/release/CMakeFiles/CMakeTmp/CMakeFiles 1
Building C object CMakeFiles/cmTryCompileExec2709019882.dir/CheckIncludeFile.c.o
/opt/centos/devtoolset-1.0/root/usr/bin/cc   -fsigned-char -W -Wall -Werror=return-type -Werror=non-virtual-dtor -Werror=address -Werror=sequence-point -Wformat -Werror=format-security -Wmissing-declarations -Wmissing-prototypes -Wstrict-prototypes -Wundef -Winit-self -Wpointer-arith -Wshadow -Wno-narrowing -fdiagnostics-show-option -Wno-long-long -pthread -fomit-frame-pointer -msse -msse2 -mno-avx -msse3 -mno-ssse3 -mno-sse4.1 -mno-sse4.2 -ffunction-sections -fvisibility=hidden  -O3 -DNDEBUG   -o CMakeFiles/cmTryCompileExec2709019882.dir/CheckIncludeFile.c.o   -c /srv2/rgirdhar/Software/vision/all_opencv/opencv-3.0.0/release/CMakeFiles/CMakeTmp/CheckIncludeFile.c
/srv2/rgirdhar/Software/vision/all_opencv/opencv-3.0.0/release/CMakeFiles/CMakeTmp/CheckIncludeFile.c:1:29: fatal error: ffmpeg/avformat.h: No such file or directory
compilation terminated.
gmake[1]: *** [CMakeFiles/cmTryCompileExec2709019882.dir/CheckIncludeFile.c.o] Error 1
gmake[1]: Leaving directory `/srv2/rgirdhar/Software/vision/all_opencv/opencv-3.0.0/release/CMakeFiles/CMakeTmp'
gmake: *** [cmTryCompileExec2709019882/fast] Error 2


